14:13:19 **** Build of configuration Debug for project frontier_detector ****
make all 
Building file: ../src/FrontierDetector.cpp
Invoking: GCC C++ Compiler
g++ -I/opt/ros/noetic/include -I/home/hankm/catkin_ws/src -I/home/hankm/catkin_ws/src/navigation/move_base/include -I/home/hankm/catkin_ws/devel/include -include/home/hankm/catkin_ws/src -include/home/hankm/catkin_ws/src/navigation/move_base/include -include/home/hankm/catkin_ws/devel/include -include/opt/ros/noetic/include -O0 -g3 -Wall -c -fmessage-length=0 -MMD -MP -MF"src/FrontierDetector.d" -MT"src/FrontierDetector.o" -o "src/FrontierDetector.o" "../src/FrontierDetector.cpp"
cc1plus: fatal error: /home/hankm/catkin_ws/src: No such file or directory
compilation terminated.
make: *** [src/subdir.mk:26: src/FrontierDetector.o] Error 1
"make all" terminated with exit code 2. Build might be incomplete.

14:13:19 Build Failed. 1 errors, 0 warnings. (took 260ms)

