14:13:20 **** Build of configuration Debug for project rrt_exploration ****
make all 
Building file: ../src/functions.cpp
Invoking: GCC C++ Compiler
g++ -I/opt/ros/noetic/include -I/home/hankm/catkin_ws/src -I/home/hankm/catkin_ws/src/devel/include -O0 -g3 -Wall -c -fmessage-length=0 -MMD -MP -MF"src/functions.d" -MT"src/functions.o" -o "src/functions.o" "../src/functions.cpp"
../src/functions.cpp:1:10: fatal error: functions.h: No such file or directory
    1 | #include "functions.h"
      |          ^~~~~~~~~~~~~
compilation terminated.
make: *** [src/subdir.mk:35: src/functions.o] Error 1
"make all" terminated with exit code 2. Build might be incomplete.

14:13:21 Build Failed. 2 errors, 0 warnings. (took 167ms)

